<?xml version="1.0" encoding="UTF-8"?>
<!-- Generated by org.testng.reporters.JUnitReportReporter -->
<testsuite hostname="DESKTOP-E754EJE" name="Railway.MyTicket1.TC80" tests="2" failures="0" timestamp="31 May 2022 12:11:57 GMT" time="61.702" errors="0">
  <testcase name="TC02" time="30.134" classname="Railway.MyTicket1.TC80"/>
  <testcase name="TC01" time="31.568" classname="Railway.MyTicket1.TC80"/>
</testsuite> <!-- Railway.MyTicket1.TC80 -->
