<?xml version="1.0" encoding="UTF-8"?>
<!-- Generated by org.testng.reporters.JUnitReportReporter -->
<testsuite hostname="DESKTOP-E754EJE" name="Railway.MyTicket1.TC65" tests="2" failures="0" timestamp="31 May 2022 12:11:57 GMT" time="70.066" errors="0">
  <testcase name="TC02" time="38.236" classname="Railway.MyTicket1.TC65"/>
  <testcase name="TC01" time="31.830" classname="Railway.MyTicket1.TC65"/>
</testsuite> <!-- Railway.MyTicket1.TC65 -->
