<?xml version="1.0" encoding="UTF-8"?>
<!-- Generated by org.testng.reporters.JUnitReportReporter -->
<testsuite hostname="DESKTOP-E754EJE" name="Railway.Logout.TC101" tests="1" failures="0" timestamp="31 May 2022 12:25:08 GMT" time="13.512" errors="0">
  <testcase name="TC101" time="13.512" classname="Railway.Logout.TC101"/>
</testsuite> <!-- Railway.Logout.TC101 -->
